<?xml version="1.0" encoding="UTF-8"?>
<!-- Generated by org.testng.reporters.JUnitXMLReporter -->
<testsuite hostname="Swati-Goyal" ignored="0" name="Test" tests="3" failures="1" timestamp="20 Jul 2017 12:12:23 GMT" time="126.229" errors="0">
  <testcase name="testLogIn" time="18.371" classname="seltest.tests.testscripts.LoginTest"/>
  <testcase name="testLogIn" time="11.291" classname="seltest.tests.testscripts.LoginTest"/>
  <testcase name="testLogIn" time="60.276" classname="seltest.tests.testscripts.LoginTest">
    <failure type="java.lang.AssertionError" message="expected [true] but found [false]">
      <![CDATA[java.lang.AssertionError: expected [true] but found [false]
	at seltest.tests.testscripts.LoginTest.testLogIn(LoginTest.java:50)
... Removed 29 stack frames]]>
    </failure>
  </testcase> <!-- testLogIn -->
</testsuite> <!-- Test -->
