<?xml version="1.0" encoding="UTF-8"?>
<!-- Generated by org.testng.reporters.JUnitXMLReporter -->
<testsuite hostname="Swati-Goyal" ignored="0" name="Test" tests="3" failures="1" timestamp="25 Jul 2017 10:48:45 GMT" time="124.091" errors="0">
  <testcase name="testLogIn" time="16.799" classname="seltest.tests.testscripts.LoginTest"/>
  <testcase name="testLogIn" time="10.387" classname="seltest.tests.testscripts.LoginTest"/>
  <testcase name="testLogIn" time="58.198" classname="seltest.tests.testscripts.LoginTest">
    <failure type="java.lang.AssertionError" message="expected [true] but found [false]">
      <![CDATA[java.lang.AssertionError: expected [true] but found [false]
	at seltest.tests.testscripts.LoginTest.testLogIn(LoginTest.java:50)
... Removed 29 stack frames]]>
    </failure>
  </testcase> <!-- testLogIn -->
</testsuite> <!-- Test -->
