<?xml version="1.0" encoding="UTF-8"?>
<testng-results skipped="0" failed="1" ignored="0" total="3" passed="2">
  <reporter-output>
  </reporter-output>
  <suite name="Default suite" duration-ms="123467" started-at="2017-07-18T07:02:47Z" finished-at="2017-07-18T07:04:51Z">
    <groups>
    </groups>
    <test name="Default test" duration-ms="123467" started-at="2017-07-18T07:02:47Z" finished-at="2017-07-18T07:04:51Z">
      <class name="seltest.tests.testscripts.LoginTest">
        <test-method status="PASS" signature="initializeSetUp()[pri:0, instance:seltest.tests.testscripts.LoginTest@5e3a8624]" name="initializeSetUp" is-config="true" duration-ms="13334" started-at="2017-07-18T12:32:48Z" finished-at="2017-07-18T12:33:01Z">
          <reporter-output>
          </reporter-output>
        </test-method> <!-- initializeSetUp -->
        <test-method status="PASS" signature="setUp()[pri:0, instance:seltest.tests.testscripts.LoginTest@5e3a8624]" name="setUp" is-config="true" duration-ms="38" started-at="2017-07-18T12:33:01Z" finished-at="2017-07-18T12:33:01Z">
          <reporter-output>
          </reporter-output>
        </test-method> <!-- setUp -->
        <test-method status="PASS" signature="testLogIn(java.lang.String, java.lang.String)[pri:0, instance:seltest.tests.testscripts.LoginTest@5e3a8624]" name="testLogIn" duration-ms="17534" started-at="2017-07-18T12:33:01Z" data-provider="LogInData" finished-at="2017-07-18T12:33:19Z">
          <params>
            <param index="0">
              <value>
                <![CDATA[sgoyal+dev10@metacube.com]]>
              </value>
            </param>
            <param index="1">
              <value>
                <![CDATA[metacube#123]]>
              </value>
            </param>
          </params>
          <reporter-output>
          </reporter-output>
        </test-method> <!-- testLogIn -->
        <test-method status="PASS" signature="quitSetup()[pri:0, instance:seltest.tests.testscripts.LoginTest@5e3a8624]" name="quitSetup" is-config="true" duration-ms="1236" started-at="2017-07-18T12:33:19Z" finished-at="2017-07-18T12:33:20Z">
          <reporter-output>
          </reporter-output>
        </test-method> <!-- quitSetup -->
        <test-method status="PASS" signature="initializeSetUp()[pri:0, instance:seltest.tests.testscripts.LoginTest@5e3a8624]" name="initializeSetUp" is-config="true" duration-ms="11192" started-at="2017-07-18T12:33:20Z" finished-at="2017-07-18T12:33:31Z">
          <reporter-output>
          </reporter-output>
        </test-method> <!-- initializeSetUp -->
        <test-method status="PASS" signature="setUp()[pri:0, instance:seltest.tests.testscripts.LoginTest@5e3a8624]" name="setUp" is-config="true" duration-ms="12" started-at="2017-07-18T12:33:31Z" finished-at="2017-07-18T12:33:31Z">
          <reporter-output>
          </reporter-output>
        </test-method> <!-- setUp -->
        <test-method status="PASS" signature="testLogIn(java.lang.String, java.lang.String)[pri:0, instance:seltest.tests.testscripts.LoginTest@5e3a8624]" name="testLogIn" duration-ms="10519" started-at="2017-07-18T12:33:31Z" data-provider="LogInData" finished-at="2017-07-18T12:33:42Z">
          <params>
            <param index="0">
              <value>
                <![CDATA[sgoyal+devorg13@financialforce.com]]>
              </value>
            </param>
            <param index="1">
              <value>
                <![CDATA[metacube123]]>
              </value>
            </param>
          </params>
          <reporter-output>
          </reporter-output>
        </test-method> <!-- testLogIn -->
        <test-method status="PASS" signature="quitSetup()[pri:0, instance:seltest.tests.testscripts.LoginTest@5e3a8624]" name="quitSetup" is-config="true" duration-ms="1011" started-at="2017-07-18T12:33:42Z" finished-at="2017-07-18T12:33:43Z">
          <reporter-output>
          </reporter-output>
        </test-method> <!-- quitSetup -->
        <test-method status="PASS" signature="initializeSetUp()[pri:0, instance:seltest.tests.testscripts.LoginTest@5e3a8624]" name="initializeSetUp" is-config="true" duration-ms="11130" started-at="2017-07-18T12:33:43Z" finished-at="2017-07-18T12:33:54Z">
          <reporter-output>
          </reporter-output>
        </test-method> <!-- initializeSetUp -->
        <test-method status="PASS" signature="setUp()[pri:0, instance:seltest.tests.testscripts.LoginTest@5e3a8624]" name="setUp" is-config="true" duration-ms="12" started-at="2017-07-18T12:33:54Z" finished-at="2017-07-18T12:33:54Z">
          <reporter-output>
          </reporter-output>
        </test-method> <!-- setUp -->
        <test-method status="FAIL" signature="testLogIn(java.lang.String, java.lang.String)[pri:0, instance:seltest.tests.testscripts.LoginTest@5e3a8624]" name="testLogIn" duration-ms="55419" started-at="2017-07-18T12:33:54Z" data-provider="LogInData" finished-at="2017-07-18T12:34:49Z">
          <params>
            <param index="0">
              <value>
                <![CDATA[sgoyal+devorg23@financialforce.com]]>
              </value>
            </param>
            <param index="1">
              <value>
                <![CDATA[metamates123]]>
              </value>
            </param>
          </params>
          <exception class="java.lang.AssertionError">
            <message>
              <![CDATA[expected [true] but found [false]]]>
            </message>
            <full-stacktrace>
              <![CDATA[java.lang.AssertionError: expected [true] but found [false]
	at org.testng.Assert.fail(Assert.java:93)
	at org.testng.Assert.failNotEquals(Assert.java:512)
	at org.testng.Assert.assertTrue(Assert.java:41)
	at org.testng.Assert.assertTrue(Assert.java:51)
	at seltest.tests.testscripts.LoginTest.testLogIn(LoginTest.java:45)
	at sun.reflect.NativeMethodAccessorImpl.invoke0(Native Method)
	at sun.reflect.NativeMethodAccessorImpl.invoke(Unknown Source)
	at sun.reflect.DelegatingMethodAccessorImpl.invoke(Unknown Source)
	at java.lang.reflect.Method.invoke(Unknown Source)
	at org.testng.internal.MethodInvocationHelper.invokeMethod(MethodInvocationHelper.java:108)
	at org.testng.internal.Invoker.invokeMethod(Invoker.java:661)
	at org.testng.internal.Invoker.invokeTestMethod(Invoker.java:869)
	at org.testng.internal.Invoker.invokeTestMethods(Invoker.java:1193)
	at org.testng.internal.TestMethodWorker.invokeTestMethods(TestMethodWorker.java:126)
	at org.testng.internal.TestMethodWorker.run(TestMethodWorker.java:109)
	at org.testng.TestRunner.privateRun(TestRunner.java:744)
	at org.testng.TestRunner.run(TestRunner.java:602)
	at org.testng.SuiteRunner.runTest(SuiteRunner.java:380)
	at org.testng.SuiteRunner.runSequentially(SuiteRunner.java:375)
	at org.testng.SuiteRunner.privateRun(SuiteRunner.java:340)
	at org.testng.SuiteRunner.run(SuiteRunner.java:289)
	at org.testng.SuiteRunnerWorker.runSuite(SuiteRunnerWorker.java:52)
	at org.testng.SuiteRunnerWorker.run(SuiteRunnerWorker.java:86)
	at org.testng.TestNG.runSuitesSequentially(TestNG.java:1301)
	at org.testng.TestNG.runSuitesLocally(TestNG.java:1226)
	at org.testng.TestNG.runSuites(TestNG.java:1144)
	at org.testng.TestNG.run(TestNG.java:1115)
	at org.testng.remote.AbstractRemoteTestNG.run(AbstractRemoteTestNG.java:132)
	at org.testng.remote.RemoteTestNG.initAndRun(RemoteTestNG.java:230)
	at org.testng.remote.RemoteTestNG.main(RemoteTestNG.java:76)
]]>
            </full-stacktrace>
          </exception> <!-- java.lang.AssertionError -->
          <reporter-output>
          </reporter-output>
        </test-method> <!-- testLogIn -->
        <test-method status="PASS" signature="quitSetup()[pri:0, instance:seltest.tests.testscripts.LoginTest@5e3a8624]" name="quitSetup" is-config="true" duration-ms="1236" started-at="2017-07-18T12:34:49Z" finished-at="2017-07-18T12:34:51Z">
          <reporter-output>
          </reporter-output>
        </test-method> <!-- quitSetup -->
      </class> <!-- seltest.tests.testscripts.LoginTest -->
    </test> <!-- Default test -->
  </suite> <!-- Default suite -->
</testng-results>
